Build started 09/10/2017 13:19:21.
     1>Project "D:\Work\ARQUEOPTERIX\src\googletest-master\googletest-master\googletest\msvc\2010\gtest_unittest.vcxproj" on node 2 (build target(s)).
     1>InitializeBuildStatus:
         Creating "D:\Work\ARQUEOPTERIX\src\googletest-master\googletest-master\googletest\msvc\2010\gtest\Win32-Debug\temp\gtest_unittest\gtest_unittest.unsuccessfulbuild" because "AlwaysCreate" was specified.
       ClCompile:
         C:\Program Files (x86)\Microsoft Visual Studio 10.0\VC\bin\CL.exe /c /I.. /I..\include /I..\..\include /I..\.. /Zi /nologo /W3 /WX- /O1 /Oy- /D WIN32 /D _VARIADIC_MAX=10 /D _DEBUG /D _CONSOLE /D _MBCS /Gm /EHsc /MTd /GS /fp:precise /Zc:wchar_t /Zc:forScope /Fo"D:\Work\ARQUEOPTERIX\src\googletest-master\googletest-master\googletest\msvc\2010\gtest\Win32-Debug\temp\gtest_unittest\\" /Fd"D:\Work\ARQUEOPTERIX\src\googletest-master\googletest-master\googletest\msvc\2010\gtest\Win32-Debug\temp\gtest_unittest\vc100.pdb" /Gd /TP /analyze- /errorReport:prompt ..\..\test\gtest_unittest.cc
         gtest_unittest.cc
       ManifestResourceCompile:
         C:\Program Files (x86)\Microsoft SDKs\Windows\v7.0A\bin\rc.exe /nologo /fo"D:\Work\ARQUEOPTERIX\src\googletest-master\googletest-master\googletest\msvc\2010\gtest\Win32-Debug\temp\gtest_unittest\gtest_unittest.exe.embed.manifest.res" D:\Work\ARQUEOPTERIX\src\googletest-master\googletest-master\googletest\msvc\2010\gtest\Win32-Debug\temp\gtest_unittest\gtest_unittest_manifest.rc 
       Link:
         C:\Program Files (x86)\Microsoft Visual Studio 10.0\VC\bin\link.exe /ERRORREPORT:PROMPT /OUT:"D:\Work\ARQUEOPTERIX\src\googletest-master\googletest-master\googletest\msvc\2010\gtest\Win32-Debug\gtest_unittest.exe" /INCREMENTAL /NOLOGO kernel32.lib user32.lib gdi32.lib winspool.lib comdlg32.lib advapi32.lib shell32.lib ole32.lib oleaut32.lib uuid.lib odbc32.lib odbccp32.lib /MANIFEST /ManifestFile:"D:\Work\ARQUEOPTERIX\src\googletest-master\googletest-master\googletest\msvc\2010\gtest\Win32-Debug\temp\gtest_unittest\gtest_unittest.exe.intermediate.manifest" /MANIFESTUAC:"level='asInvoker' uiAccess='false'" /DEBUG /PDB:"D:\Work\ARQUEOPTERIX\src\googletest-master\googletest-master\googletest\msvc\2010\gtest\Win32-Debug\gtest_unittest.pdb" /SUBSYSTEM:CONSOLE /TLBID:1 /DYNAMICBASE /NXCOMPAT /IMPLIB:"D:\Work\ARQUEOPTERIX\src\googletest-master\googletest-master\googletest\msvc\2010\gtest\Win32-Debug\gtest_unittest.lib" /MACHINE:X86 "D:\Work\ARQUEOPTERIX\src\googletest-master\googletest-master\googletest\msvc\2010\gtest\Win32-Debug\temp\gtest_unittest\gtest_unittest.exe.embed.manifest.res"
         "D:\Work\ARQUEOPTERIX\src\googletest-master\googletest-master\googletest\msvc\2010\gtest\Win32-Debug\temp\gtest_unittest\gtest_unittest.obj"
         "D:\Work\ARQUEOPTERIX\src\googletest-master\googletest-master\googletest\msvc\2010\gtest\Win32-Debug\gtestd.lib"
         "D:\Work\ARQUEOPTERIX\src\googletest-master\googletest-master\googletest\msvc\2010\gtest\Win32-Debug\gtest_maind.lib"
     1>LINK : fatal error LNK1123: failure during conversion to COFF: file invalid or corrupt
     1>Done Building Project "D:\Work\ARQUEOPTERIX\src\googletest-master\googletest-master\googletest\msvc\2010\gtest_unittest.vcxproj" (build target(s)) -- FAILED.

Build FAILED.

Time Elapsed 00:00:10.04
